PKG_LIFE_CLAIM_BATCH.P_ACCOUNT_TRANSFER_RECORD
  PKG_LIFE_ACCOUNT_MAIN.P_CUST_DEPOSIT_LIST_LOG_TRANS
  PKG_LIFE_PS_PUBLIC_LOG.P_DUMP_ONE_TABLE_TO_LOG
  PKG_LIFE_ACCOUNT_MAIN.P_ACCOUNT_BALANCE_LOG
  PKG_LIFE_ACCOUNT_MAIN.P_CUST_DEPOSIT_LIST_LOG
PKG_LS_CLM_ACCUTOR.P_ACCUTOR_PARAM_UPLOAD
  PKG_PUB_LOG.P_FATAL
PKG_LIFE_UW_CLAIM_INTERFACE.P_BACK_CLAIM_SUBSCRIBE
  PKG_LIFE_PS_PUB_LOCK.P_PS_POLICY_UNLOCK
PKG_LIFE_UW_CLAIM_INTERFACE.P_BATCH_COND_LETTER_EXPIRED
  PKG_LIFE_JOB.P_SAVE_ERROR_MSG
  PKG_LIFE_PS_PUB_LOCK.P_PS_POLICY_UNLOCK
PKG_LIFE_RENEW_FOR_CLAIM.P_BONUS_2_BALANCE
  PKG_LIFE_BONUS_DEPOSIT.P_REAL_DRAW_FOR_RENEW
PKG_LS_CLM_ACCUMU.P_CALCULATOR_P5
  PKG_LIFE_UW_INTERFACE.P_GET_CONT_PROD_ACTUAL_AMOUNT
PKG_LIFE_CLAIM_CALC.P_CALC_ACCOUNT_LINK
  PKG_LIFE_REDUCE_ACCOUNT.P_PRICE_EXIST
PKG_LIFE_CLAIM_CALC.P_CALC_GENERAL_11
  PKG_LIFE_UW_INTERFACE.P_GET_CONT_PROD_ACTUAL_AMOUNT
PKG_LIFE_CLAIM_CALC.P_CALC_GENERAL_12
  PKG_LIFE_UW_INTERFACE.P_GET_CONT_PROD_ACTUAL_AMOUNT
PKG_LIFE_CLAIM_CALC.P_CALC_GENERAL_17
  PKG_PUB_LOG.P_ERROR
  PKG_PUB_LOG.P_DEBUG
PKG_LIFE_CLAIM_CALC.P_CALC_GENERAL_3
  PKG_LIFE_UW_INTERFACE.P_GET_CONT_PROD_ACTUAL_AMOUNT
PKG_LIFE_CLAIM_CALC.P_CALC_GENERAL_4
  PKG_LIFE_UW_INTERFACE.P_GET_CONT_PROD_ACTUAL_AMOUNT
PKG_LIFE_CLAIM_CALC.P_CALC_GENERAL_5
  PKG_LIFE_UW_INTERFACE.P_GET_CONT_PROD_ACTUAL_AMOUNT
PKG_LIFE_CLAIM_CALC.P_CALC_GENERAL_9
  PKG_LIFE_PS_SURRENDER_VALUE.P_GET_SURR_VAL
PKG_LIFE_CLAIM_CALC.P_CALC_MAX_VALUE
  PKG_LIFE_PS_SURRENDER_VALUE.P_GET_SURR_VAL
PKG_LS_CLM_CALC.P_CALC_PRODUCT
  PKG_LIFE_PREM_CALC_EXEMPT.P_CALC_EXEMPT
  PKG_LIFE_RENEW.P_ADD_FEE
PKG_LIFE_CLAIM_STD.P_CANCEL_CLAIM_RELATED_FEE
  PKG_LIFE_WF_CI.P_TASK_DISPATCH_BY_STS_ENTRE
PKG_LIFE_CLAIM_STD.P_CANCEL_CLAIM_RELATED_FEE_BAT
  PKG_LIFE_WF_CI.P_TASK_DISPATCH_BY_STS_ENTRE
PKG_LIFE_UW_CLAIM_INTERFACE.P_CANCEL_EXIST_UW_FOR_CLAIM
  PKG_LIFE_UW_INTERFACE.P_CANCEL_UW
PKG_LIFE_CLAIM_AUDIT.P_CASH_VALUE_TO_ACCIDENT_TIME
  PKG_LIFE_PS_SURRENDER_VALUE.P_GET_SURR_VAL
PKG_LIFE_CLAIM_PUB.P_CHANGE_PAYMENT
  PKG_LIFE_WITHDRAW_BILL.P_INS_OR_UPD_WD_BILL_CLAIM
  PKG_LIFE_WITHDRAW_BILL.P_INSERT_WITHDRAW_BILL_EXT
  PKG_LIFE_WF_CI.P_TASK_DISPATCH_BY_STS_ENTRE
PKG_LIFE_CLAIM_AUDIT.P_CHECK_RELATED_PRODUCTS
  PKG_LIFE_PS_PUBLIC_LOG.P_DUMP_ONE_TABLE_TO_LOG
PKG_LIFE_CLAIM_PUB.P_CHECK_UNIVERSAL_ACCOUNT
  PKG_LIFE_UNIVERSAL_PUB.P_GET_BALANCE_STATUS
PKG_LIFE_CLAIM_PUB.P_CHG_INSTAL_BENE
  PKG_LIFE_WF_CI.P_TASK_DISPATCH_BY_STS_ENTRE
  PKG_LIFE_WITHDRAW_BILL.P_INS_OR_UPD_WD_BILL_CLAIM
  PKG_LIFE_WITHDRAW_BILL.P_INSERT_WITHDRAW_BILL_EXT
PKG_LIFE_HEALTH_CLAIM.P_CLAIM_HEALTH_QUEUE
  PKG_LIFE_HEALTH_COMMON.P_CLAIM_HEALTH_QUEUE_PS
PKG_LIFE_HEALTH_CLAIM.P_CLAIM_UW_HEALTH_QUEUE
  PKG_LIFE_HEALTH_COMMON.P_CLAIM_UW_HEALTH_QUEUE_PS
PKG_LS_CLM_ACCUMU.P_CLM_ACCUTOR_G26
  PKG_LIFE_UW_INTERFACE.P_GET_CONT_PROD_ACTUAL_AMOUNT
PKG_LS_CLM_ACCUMU.P_CLM_ACCUTOR_G3
  PKG_LIFE_UW_INTERFACE.P_GET_CONT_PROD_ACTUAL_AMOUNT
PKG_LS_CLM_ACCUMU.P_CLM_ACCUTOR_G34
  PKG_LIFE_UW_INTERFACE.P_GET_CONT_PROD_ACTUAL_AMOUNT
PKG_LS_CLM_ACCUMU.P_CLM_ACCUTOR_G35
  PKG_LIFE_UW_INTERFACE.P_GET_CONT_PROD_ACTUAL_AMOUNT
PKG_LS_CLM_ACCUMU.P_CLM_ACCUTOR_G36
  PKG_LIFE_UW_INTERFACE.P_GET_CONT_PROD_ACTUAL_AMOUNT
PKG_LS_CLM_CALC.P_CLM_CALC_G115
  PKG_LIFE_UW_INTERFACE.P_GET_CONT_PROD_ACTUAL_AMOUNT
PKG_LS_CLM_CALC.P_CLM_CALC_G116
  PKG_LIFE_UW_INTERFACE.P_GET_CONT_PROD_ACTUAL_AMOUNT
PKG_LS_CLM_CALC.P_CLM_CALC_G117
  PKG_LIFE_UW_INTERFACE.P_GET_CONT_PROD_ACTUAL_AMOUNT
PKG_LS_CLM_CALC.P_CLM_CALC_G118
  PKG_LIFE_UW_INTERFACE.P_GET_CONT_PROD_ACTUAL_AMOUNT
PKG_LS_CLM_CALC.P_CLM_CALC_G119
  PKG_LIFE_PS_SURRENDER_VALUE.P_GET_SURR_VAL
PKG_LS_CLM_CALC.P_CLM_CALC_G120
  PKG_LIFE_PS_SURRENDER_VALUE.P_GET_SURR_VAL
PKG_LS_CLM_CALC.P_CLM_CALC_G127
  PKG_LIFE_UW_INTERFACE.P_GET_CONT_PROD_ACTUAL_AMOUNT
PKG_LS_CLM_CALC.P_CLM_CALC_G138
  PKG_LIFE_PS_SURRENDER_VALUE.P_GET_SURR_VAL
PKG_LS_CLM_CALC.P_CLM_CALC_G139
  PKG_LIFE_PS_SURRENDER_VALUE.P_GET_SURR_VAL
PKG_LS_CLM_CALC.P_CLM_CALC_G140
  PKG_LIFE_PS_SURRENDER_VALUE.P_GET_SURR_VAL
PKG_LS_CLM_CALC.P_CLM_CALC_G143
  PKG_LIFE_PS_SURRENDER_VALUE.P_GET_SURR_VAL
PKG_LS_CLM_CALC.P_CLM_CALC_G144
  PKG_LIFE_PS_SURRENDER_VALUE.P_GET_SURR_VAL
PKG_LS_CLM_CALC.P_CLM_CALC_G147
  PKG_LIFE_PS_SURRENDER_VALUE.P_GET_SURR_VAL
PKG_LS_CLM_CALC.P_CLM_CALC_G151
  PKG_LIFE_PS_SURRENDER_VALUE.P_GET_SURR_VAL
PKG_LS_CLM_CALC.P_CLM_CALC_G16
  PKG_LIFE_UW_INTERFACE.P_GET_CONT_PROD_ACTUAL_AMOUNT
PKG_LS_CLM_CALC.P_CLM_CALC_G161
  PKG_LIFE_UW_INTERFACE.P_GET_CONT_PROD_ACTUAL_AMOUNT
PKG_LS_CLM_CALC.P_CLM_CALC_G168
  PKG_LIFE_UW_INTERFACE.P_GET_CONT_PROD_ACTUAL_AMOUNT
PKG_LS_CLM_CALC.P_CLM_CALC_G185
  PKG_LIFE_PS_SURRENDER_VALUE.P_GET_SURR_VAL
PKG_LS_CLM_CALC.P_CLM_CALC_G3
  PKG_LIFE_UW_INTERFACE.P_GET_CONT_PROD_ACTUAL_AMOUNT
PKG_LS_CLM_CALC.P_CLM_CALC_G35
  PKG_LIFE_PS_SURRENDER_VALUE.P_GET_SURR_VAL
PKG_LS_CLM_CALC.P_CLM_CALC_G4
  PKG_LIFE_UW_INTERFACE.P_GET_CONT_PROD_ACTUAL_AMOUNT
PKG_LS_CLM_CALC.P_CLM_CALC_G5
  PKG_LIFE_UW_INTERFACE.P_GET_CONT_PROD_ACTUAL_AMOUNT
PKG_LS_CLM_CALC.P_CLM_CALC_G68
  PKG_LIFE_UW_INTERFACE.P_GET_CONT_PROD_ACTUAL_AMOUNT
PKG_LS_CLM_CALC.P_CLM_CALC_G70
  PKG_LIFE_UW_INTERFACE.P_GET_CONT_PROD_ACTUAL_AMOUNT
PKG_LS_CLM_CALC.P_CLM_CALC_G71
  PKG_LIFE_PS_SURRENDER_VALUE.P_GET_SURR_VAL
PKG_LS_CLM_CALC.P_CLM_CALC_G72
  PKG_LIFE_PS_SURRENDER_VALUE.P_GET_SURR_VAL
PKG_LS_CLM_CALC.P_CLM_CALC_G77
  PKG_LIFE_UW_INTERFACE.P_GET_CONT_PROD_ACTUAL_AMOUNT
  PKG_LIFE_PS_SURRENDER_VALUE.P_GET_SURR_VAL
PKG_LS_CLM_CALC.P_CLM_CALC_G9
  PKG_LIFE_PS_SURRENDER_VALUE.P_GET_SURR_VAL
PKG_LS_CLM_CALC.P_CLM_CALC_G90
  PKG_LIFE_UW_INTERFACE.P_GET_CONT_PROD_ACTUAL_AMOUNT
PKG_LS_CLM_CALC.P_CLM_CALC_G91
  PKG_LIFE_UW_INTERFACE.P_GET_CONT_PROD_ACTUAL_AMOUNT
PKG_LS_CLM_CALC.P_CLM_CALC_G92
  PKG_LIFE_UW_INTERFACE.P_GET_CONT_PROD_ACTUAL_AMOUNT
PKG_LS_CLM_CALC.P_CLM_CALC_G93
  PKG_LIFE_UW_INTERFACE.P_GET_CONT_PROD_ACTUAL_AMOUNT
PKG_LS_CLM_CALC.P_CLM_CALC_G96
  PKG_LIFE_PS_CHANGE_AMOUNT.P_GET_CHANGE_AMOUNT
PKG_LS_CLM_CALC.P_CLM_CALC_P63023
  PKG_LIFE_PS_CHANGE_AMOUNT.P_GET_CHANGE_AMOUNT_B_UNIT
PKG_LS_CLM_CALC.P_COMPARE_PREM_AND_SURR_VAL
  PKG_LIFE_PS_SURRENDER_VALUE.P_GET_SURR_VAL
PKG_LIFE_CLAIM_BATCH.P_CONFIRM_AMOUNT_TRANSFER
  PKG_LIFE_HOSPITAL_DEPOSIT.P_INSERT_DEPOSIT_LIST_LOG
  PKG_LIFE_HOSPITAL_DEPOSIT.P_ACCOUNT_BALANCE_LOG
PKG_LIFE_CLAIM_INTERFACE.P_CREATE_CLAIM_DATA_LETTER
  PKG_LIFE_LETTER_DATA_GRAB.P_34
PKG_LS_CLM_CALC.P_DEALLIMIT
  PKG_LIFE_UW_INTERFACE.P_GET_CONT_PROD_ACTUAL_AMOUNT
PKG_LIFE_CLAIM_STD.P_DEAL_ACCOUNT_VOTE_CLOSED
  PKG_LIFE_PS_PUBLIC_LOG.P_DUMP_ONE_TABLE_TO_LOG
  PKG_LIFE_PS_PUBLIC_LOG.P_DUMP_ONE_TABLE_FROM_LOG
  PKG_LIFE_UNIVERSAL_PUB.P_DUMP_CUST_DEPOSIT
PKG_LIFE_CLAIM_BATCH.P_DEAL_AMOUNT_TRANSFER_IN
  PKG_LIFE_HOSPITAL_DEPOSIT.P_ACCOUNT_BALANCE_LOG
  PKG_LIFE_PS_PUBLIC_LOG.P_DUMP_ONE_TABLE_TO_LOG
  PKG_LIFE_HOSPITAL_DEPOSIT.P_INSERT_DEPOSIT_LIST_LOG
  PKG_LIFE_ACCOUNT_MAIN.P_CUST_DEPOSIT_LIST_LOG
PKG_LIFE_CLAIM_BATCH.P_DEAL_AUTO_AMOUNT_TRANSFER
  PKG_LIFE_PS_PUBLIC_LOG.P_DUMP_ONE_TABLE_TO_LOG
PKG_LIFE_CLAIM_FEE.P_CREATE_FEE_15.P_DEAL_RIDER_LX_CV
  PKG_LIFE_PS_BATCH_CV.P_SAVE_ITEM_CV_LOG
  PKG_LIFE_PS_PUBLIC_LOG.P_DUMP_ONE_TABLE_FROM_LOG
  PKG_LIFE_PS_BATCH_CV.P_INSERT_D31
  PKG_LIFE_PS_BATCH_CV.P_INSERT_D76_AFTER_INIT
PKG_LIFE_CLAIM_END_CASE.P_EFFECT_ACCOUNT_CLAIM
  PKG_LIFE_PS_PUBLIC_LOG.P_DUMP_ONE_TABLE_FROM_LOG
PKG_LIFE_CLAIM_BATCH.P_END_BATCH
  PKG_LIFE_HEALTH_COMMON.P_INSERT_BUSI_MODULE_QUEUE
PKG_LIFE_CLAIM_BATCH.P_END_BATCH_PART1
  PKG_LIFE_RENEW_PUB.P_CAS_BACK_OFFSET_RENEW
  PKG_LIFE_PS_PUBLIC_LOG.P_DUMP_ONE_TABLE_TO_LOG
  PKG_LIFE_PS_PUBLIC_LOG.P_DELETE_UNCHANGED_LOG_DATA
  PKG_LIFE_RENEW_DRAW.P_RENEW_DRAW_DETAIL
PKG_LIFE_CLAIM_BATCH.P_END_BATCH_PART2
  PKG_LIFE_PS_PUB_FEE_DISPOSAL.P_FEE_DISPOSAL_MAIN
  PKG_LIFE_PS_PUBLIC_LOG.P_DUMP_ONE_TABLE_FROM_LOG
  PKG_LIFE_WF_CI.P_TASK_DISPATCH_BY_STS_ENTRE
  PKG_LIFE_ACCOUNT_INTERFACE.P_DRAW_LOG
PKG_LIFE_CLAIM_END_CASE.P_END_CASE
  PKG_LIFE_WITHDRAW_BILL.P_INS_OR_UPD_WD_BILL_CLAIM
  PKG_LIFE_WITHDRAW_BILL.P_INSERT_WITHDRAW_BILL_EXT
  PKG_LIFE_BONUS.P_PROCESS_CLAIM_BONUS
  PKG_LIFE_PS_PUB_FEE_DISPOSAL.P_REFUND_REPAY_LOAN_CORE
  PKG_LIFE_PS_PUBLIC_LOG.P_DUMP_1_TABLE_TO_LOG
  PKG_LIFE_REDUCE_ACCOUNT.P_CLAIM_PROCESS
  PKG_LIFE_ROLLBACK_RENEW.P_POLICY_RN_RB_4_CLM_GROUP
  PKG_LIFE_PS_PUBLIC_LOG.P_DUMP_ONE_TABLE_FROM_LOG
  PKG_LIFE_PS_PUBLIC_LOG.P_DUMP_ONE_TABLE_TO_LOG
  PKG_LIFE_ROLLBACK_RENEW.P_POLICY_RENEW_ROLLBACK_4_CLM
PKG_LIFE_CLAIM_INTERFACE.P_END_CONTRACT_POLICY
  PKG_LIFE_RENEW_PUB.P_CAS_BACK_OFFSET_RENEW
PKG_LIFE_CLAIM_INTERFACE.P_END_CONTRACT_PRODUCT
  PKG_LIFE_RENEW_PUB.P_CAS_BACK_OFFSET_RENEW
PKG_LIFE_CLAIM_INTERFACE.P_END_CONTRACT_PRODUCT_MAT
  PKG_LIFE_RENEW_PUB.P_CAS_BACK_OFFSET_RENEW
PKG_LIFE_UW_CLAIM_INTERFACE.P_EXPORT_ONE_UW_TO_CLAIM
  PKG_LIFE_RENEW_CONTINUE.P_GATHER_POLICY_PREM
  PKG_LIFE_RENEW_DRAW.P_NEXTPREM_MAINTAIN
PKG_LIFE_CLAIM_CALC.P_GET_CALC_PARA
  PKG_LIFE_ACCOUNT_INTERFACE.P_QUERY_SINGLE
PKG_LIFE_CLAIM_CALC.P_GET_CALC_PARA2
  PKG_LIFE_ACCOUNT_INTERFACE.P_QUERY_SINGLE
PKG_LIFE_CLAIM_INTERFACE.P_GET_CLAIM_PREMIUM_AMOUNT
  PKG_LIFE_UW_INTERFACE.P_GET_CONT_PROD_ACTUAL_AMOUNT
PKG_LS_CLM_CALC.P_GET_GABW_PAID_AMOUNT_BY_YEAR
  PKG_LIFE_UW_INTERFACE.P_GET_CONT_PROD_ACTUAL_AMOUNT
PKG_LIFE_CLAIM_BATCH.P_GET_ITEM_DRAW_FOR_BATCH
  PKG_LIFE_ACCOUNT_MAIN.P_ACCOUNT_BALANCE_LOG
  PKG_LIFE_ACCOUNT_MAIN.P_CUST_DEPOSIT_LIST_LOG
  PKG_LIFE_ACCOUNT_MAIN.P_CUST_DEPOSIT_LIST_LOG_TRANS
  PKG_LIFE_PS_PUBLIC_LOG.P_DUMP_ONE_TABLE_TO_LOG
PKG_LIFE_CLAIM_FEE.P_CREATE_FEE_15.P_GET_ITEM_DRAW_FOR_CLAIM_CASE
  PKG_LIFE_PS_PUBLIC_LOG.P_DUMP_ONE_TABLE_TO_LOG
  PKG_LIFE_ACCOUNT_MAIN.P_ACCOUNT_BALANCE_LOG
  PKG_LIFE_ACCOUNT_MAIN.P_CUST_DEPOSIT_LIST_LOG
  PKG_LIFE_ACCOUNT_MAIN.P_CUST_DEPOSIT_LIST_LOG_TRANS
PKG_LIFE_UW_CLAIM_INTERFACE.P_IMPORT_DATA_FROM_CLAIM
  PKG_LIFE_UW_INTERFACE.P_COMPUTE_UW_LEVEL
  PKG_LIFE_HEALTH_COMMON.P_INSERT_BUSI_MODULE_QUEUE
PKG_LIFE_UW_CLAIM_INTERFACE.P_IMPORT_POLICY_FROM_CLAIM
  PKG_LIFE_AUTH.P_SAVE_AUTH_OPERATE_INFO
PKG_LIFE_RENEW_FOR_CLAIM.P_INSERT_23_FEE
  PKG_LIFE_UNIVERSAL_ALLOCATION.P_ALLOCATION_MAIN
PKG_LIFE_CLAIM_FEE.P_CREATE_FEE_15.P_INSERT_CLAIM_REPORT_QUEUE
  PKG_LIFE_HEALTH_COMMON.P_INSERT_BUSI_MODULE_QUEUE
  PKG_LIFE_CIITC_MAIN.P_INSERT_CLAIM_ENDCASE
PKG_LIFE_CLAIM_FEE.P_INSERT_POLICY_FEE
  PKG_LIFE_WF_CI.P_TASK_DISPATCH_BY_STS_ENTRE
PKG_LIFE_CLAIM_FEE.P_INSERT_POLICY_FEE_INSTALMENT
  PKG_LIFE_WF_CI.P_TASK_DISPATCH_BY_STS_ENTRE
PKG_LIFE_HEALTH_CLAIM.P_INSURED_CLAIM_MAPPING
  PKG_LIFE_HEALTH_COMMON.P_INSERT_HEALTH_QUEUE
PKG_LIFE_CLAIM_CALC.P_IPA_COMPLETE_DISABLE
  PKG_LIFE_UW_INTERFACE.P_GET_CONT_PROD_ACTUAL_AMOUNT
PKG_LIFE_CLAIM_BATCH.P_ITEM_DRAW_CLOSE_FOR_BATCH1
  PKG_LIFE_ACCOUNT_MAIN.P_CUST_DEPOSIT_LIST_LOG
  PKG_LIFE_PS_PUBLIC_LOG.P_DUMP_ONE_TABLE_TO_LOG
PKG_LIFE_CLAIM_AUDIT.P_NEED_END_MAINRIDER
  PKG_LIFE_UW_INTERFACE.P_GET_CONT_PROD_ACTUAL_AMOUNT
PKG_LIFE_CLAIM_AUDIT.P_PREM_TO_ACCIDENT_TIME
  PKG_LIFE_PS_SURRENDER_VALUE.P_GET_SURR_VAL
PKG_LIFE_CLAIM_PUB.P_PROCESS_UNIVERSAL_ACCOUNT
  PKG_LIFE_UNIVERSAL_SETTLE_NEW.P_SETTLE_ACCOUNT_BATCH_CORE
  PKG_LIFE_RENEW_PUB.P_GET_BATCH_CHANGE_ID
  PKG_LIFE_UNIVERSAL_DEDUCT_NEW.P_DEDUCT_INNER_BATCH
  PKG_LIFE_UNIVERSAL_BATCH.P_UNIVERSAL_ANUAL_BONUS_WN
PKG_LIFE_UW_CLAIM_INTERFACE.P_PS_CANCEL_REPRESENTALTER
  PKG_LIFE_PS_PUB_LOCK.P_PS_POLICY_UNLOCK
PKG_LIFE_UW_CLAIM_INTERFACE.P_PS_CLAIM_SUBSCRIBE
  PKG_LIFE_PS_PUB_LOCK.P_PS_POLICY_UNLOCK
  PKG_LIFE_UW_LETTER.P_SEND_UW_LETTER
PKG_LIFE_UW_CLAIM_INTERFACE.P_PS_CREATE_NOTICE_CODE
  PKG_LIFE_UW_LETTER.P_SEND_UW_LETTER
PKG_LIFE_UW_CLAIM_INTERFACE.P_PS_REPRESENTALTER_UW
  PKG_LIFE_UW_PS_INTERFACE.P_IMPORT_DATA_FROM_PS
PKG_LIFE_UW_CLAIM_INTERFACE.P_PS_REPRESENTALTER_UW_TEST
  PKG_LIFE_UW_PS_INTERFACE.P_IMPORT_DATA_FROM_PS
PKG_LIFE_CLAIM_LOCK.P_RELEASE_POLICY_AS_CLAIM
  PKG_LIFE_PS_LOAN_SETTLE_INCOME.P_POLICY_SETTLE
PKG_LIFE_CLAIM_LOCK.P_RELEASE_POLICY_AS_CLAIM_BAT
  PKG_LIFE_PS_LOAN_SETTLE_INCOME.P_POLICY_SETTLE
PKG_LIFE_CLAIM_ADVANCE_PAY.P_SAVE_ADVANCE_PAY
  PKG_LIFE_WITHDRAW_BILL.P_INSERT_WITHDRAW_BILL_EXT
  PKG_LIFE_WF_CI.P_TASK_DISPATCH_BY_STS_ENTRE
PKG_LIFE_CLAIM_AUDIT.P_SAVE_AUDIT_POLICY
  PKG_LIFE_REDUCE_ACCOUNT.P_PRICE_EXIST
PKG_LIFE_CLAIM_AUDIT.P_SAVE_AUDIT_POLICY_ITEM
  PKG_LIFE_BONUS_DEPOSIT.P_GET_ITEM_ADJUST_MATURITY
PKG_LIFE_CLAIM_STD.P_SAVE_BANK_BAT
  PKG_LIFE_WF_CI.P_TASK_DISPATCH_BY_STS_ENTRE
PKG_LIFE_CLAIM_STD.P_SAVE_BANK_CODE
  PKG_LIFE_WF_CI.P_TASK_DISPATCH_BY_STS_ENTRE
PKG_LIFE_CLAIM_INSPECT.P_SAVE_INSPECT_FEE
  PKG_LIFE_WITHDRAW_BILL.P_INS_OR_UPD_WD_INS_BILL
PKG_LIFE_CLAIM_INSPECT.P_SAVE_INSPECT_FEE_PRODUCT
  PKG_LIFE_WITHDRAW_BILL.P_INS_OR_UPD_WD_INS_BILL
  PKG_LIFE_BANK_OVERRIDE_MAIN.P_BANK_OPERATE_MAIN
  PKG_LIFE_WITHDRAW_BILL.P_INS_OR_UPD_WD_BILL_4_INSPECT
  PKG_LIFE_WF_CI.P_TASK_DISPATCH_BY_STS_ENTRE
  PKG_LIFE_WITHDRAW_BILL.P_INS_OR_UPD_BILL_NEW_INSPECT
PKG_LIFE_CLAIM_INSPECT.P_SAVE_INSPECT_FEE_SPECIAL
  PKG_LIFE_WITHDRAW_BILL.P_INS_OR_UPD_WD_BILL_4_INSPECT
  PKG_LIFE_WF_CI.P_TASK_DISPATCH_BY_STS_ENTRE
PKG_LIFE_RENEW_FOR_CLAIM.P_TURN_REAL_DETAIL_COMMON_GRP
  PKG_LIFE_RENEW.P_CALC_PRODUCT
  PKG_LIFE_RENEW.P_GATHER_NEXT_POLICY_ONLY
  PKG_LIFE_RENEW.P_TURN_REAL_GROUP
PKG_LIFE_RENEW_FOR_CLAIM.P_TURN_REAL_DETAIL_COMMON_SGL
  PKG_LIFE_RENEW.P_CASH_INFO
  PKG_LIFE_PS_CONFIRM_PS_INCOME.P_CONFIRM_CS
  PKG_LIFE_RENEW_PUB.P_GET_BATCH_CHANGE_ID
  PKG_LIFE_PS_CHARGETYPE_ALT.P_SAVE_CHARGE_TYPE_ALTER_TP
  PKG_LIFE_WF_CI.P_TASK_DISPATCH_BY_STS_ENTRE
  PKG_LIFE_RENEW.P_CALC_PRODUCT
  PKG_LIFE_RENEW.P_GATHER_NEXT_POLICY_ONLY
  PKG_LIFE_RENEW.P_EXEMPT_AMOUNT_CHANGE
  PKG_LIFE_RENEW.P_UPDATE_POLICY_FEE
  PKG_LIFE_RENEW.P_ADJUST_PRODUCT
  PKG_LIFE_RENEW.P_POLICY_PREM_CHANGE
PKG_LIFE_CLAIM_END_CASE.P_UPDATE_PAY_DUE
  PKG_LIFE_PS_PUBLIC_LOG.P_DUMP_ONE_TABLE_TO_LOG
PKG_LIFE_CLAIM_STD.P_VOTE_CLOSED_BATCH
  PKG_LIFE_UNIVERSAL_PUB.P_DUMP_CUST_DEPOSIT
  PKG_LIFE_PS_PUBLIC_LOG.P_DUMP_ONE_TABLE_TO_LOG
  PKG_LIFE_HEALTH_COMMON.P_INSERT_BUSI_MODULE_QUEUE
  PKG_LIFE_RENEW_PUB.P_CAS_BACK_OFFSET_RENEW
  PKG_LIFE_PS_PUBLIC_LOG.P_DUMP_ONE_TABLE_FROM_LOG
  PKG_LIFE_WF_CI.P_TASK_DISPATCH_BY_STS_ENTRE
  PKG_LIFE_RENEW_DRAW.P_RENEW_DRAW_DETAIL
PKG_LIFE_CLAIM_STD.P_VOTE_CLOSED_CASE
  PKG_LIFE_HEALTH_COMMON.P_INSERT_BUSI_MODULE_QUEUE
  PKG_LIFE_CIITC_MAIN.P_INSERT_CLAIM_CANCEL
  PKG_LIFE_ROLLBACK_RENEW.P_REVERT_RENEW_FOR_VOTE
  PKG_LIFE_PS_PUBLIC_LOG.P_DUMP_ONE_TABLE_FROM_LOG
  PKG_LIFE_RENEW_PUB.P_CAS_BACK_OFFSET_RENEW
  PKG_LIFE_RENEW_DRAW.P_RENEW_DRAW_DETAIL
PKG_LIFE_CLAIM_STD.P_WRITE_CLAIM_LOG
  PKG_LIFE_PS_PUBLIC.P_CALC_PS_INTEREST_4_TP
