PKG_LIFE_PS_MATURITY.P_AUTO_MATURITY_END
  PKG_LIFE_CLAIM_INTERFACE.P_END_CONTRACT_PRODUCT
  PKG_LIFE_CLAIM_INTERFACE.P_END_CONTRACT_PRODUCT_MAT
  PKG_LIFE_CLAIM_INTERFACE.P_END_CONTRACT_POLICY
PKG_LIFE_PUBLIC_TRAIN_CHECK.P_CHECK_PUBLIC_TRANS_AMOUNT1
  PKG_LIFE_CLAIM_INTERFACE.P_END_CONTRACT_PRODUCT
PKG_LIFE_PUBLIC_TRAIN_CHECK.P_CHECK_PUBLIC_TRANS_AMOUNT2
  PKG_LIFE_CLAIM_INTERFACE.P_END_CONTRACT_PRODUCT
PKG_LIFE_PUBLIC_TRAIN_CHECK.P_CHECK_PUBLIC_TRANS_AMOUNT3
  PKG_LIFE_CLAIM_INTERFACE.P_END_CONTRACT_PRODUCT
PKG_PAYMENT_PUB_INCOME.P_CONFIRM_PAY_FEE
  PKG_LIFE_CLAIM_INTERFACE.P_SET_FEE_STATUS
PKG_LIFE_PS_AUTO_FILLUP_PREM.P_END_ANXIN_PRODUCT
  PKG_LIFE_CLAIM_INTERFACE.P_END_CONTRACT_PRODUCT
PKG_LIFE_UNIVERSAL_PUB.P_GET_BALANCE_STATUS_BEFORE
  PKG_LS_CLM_CALC.P_CALC_PREM
PKG_LIFE_PAY_SUB.P_GET_PAY_AMOUNT303
  PKG_LS_CLM_CALC.P_CALC_EXEMPTED_PREM
PKG_LIFE_UNIVERSAL_REPORT.P_GROUP_ANNUITY_REPORT_MAIN
  PKG_LS_CLM_CALC.P_CALC_PREM
PKG_LIFE_PAY_ONTIME.P_ONTIME_GENERATE
  PKG_LIFE_CLAIM_INTERFACE.P_END_CONTRACT_PRODUCT
PKG_LIFE_PAY_ONTIME.P_ONTIME_GENERATE_INSTALMENT
  PKG_LIFE_CLAIM_FEE.P_I_PAYABLE_FEE_INSTAL
  PKG_LIFE_CLAIM_FEE.P_INSERT_POLICY_FEE_INSTALMENT
  PKG_LIFE_CLAIM_FEE.P_INSERT_PAY_FEE
PKG_LIFE_PAY_TEST.P_ONTIME_GENERATE_SINGLE
  PKG_LIFE_CLAIM_INTERFACE.P_END_CONTRACT_PRODUCT
PKG_LIFE_UW_DEATH_AMOUNT_SUB.P_PAST_DEATH_AMOUNT
  PKG_LS_CLM_CALC.P_CALC_PREM
PKG_LIFE_PAY_ONTIME.P_PAY_PROCESS
  PKG_LIFE_CLAIM_INTERFACE.P_END_CONTRACT_PRODUCT
PKG_LIFE_INVEST_TRANS.P_PROCESS_CLAIM_POLICY
  PKG_LIFE_CLAIM_INTERFACE.P_INSERT_TRANS_APPLY
PKG_LIFE_PAY_ONTIME.P_PROCESS_UNI_ACCOUNT_SINGLE
  PKG_LIFE_CLAIM_INTERFACE.P_END_CONTRACT_PRODUCT
PKG_LIFE_PS_MATURITY.P_STOP_CONTRACT_PRODUCT
  PKG_LIFE_CLAIM_INTERFACE.P_END_CONTRACT_PRODUCT
