PKG_LIFE_BONUS_DEPOSIT : 2
  P_GET_ITEM_ADJUST_MATURITY : 1
  P_GET_ITEM_BONUS_FOR_CLAIM : 1
PKG_LIFE_LETTER_SMS : 1
  P_GEN_REALTIME_SMS_CLAIM : 1
PKG_LIFE_PUBLIC : 1
  P_GET_SEQUENCE_NO : 1
PKG_LIFE_WITHDRAW_BILL : 4
  P_INSERT_WITHDRAW_BILL : 2
  P_INSERT_WITHDRAW_BILL_BAT : 1
  P_INSERT_WITHDRAW_BILL_BAT_ID : 1

-----------
QueryClaimCaseDAO.java
DefaultClaimPayRepository.java
AuditDAO.java
EndDAO.java
AuditDAOImpl.java
BatchPayStyleDAO.java
ChgInstalBeneDAO.java
SMSUtil.java
ClaimDataMigrDAO.java
ClaimBackEntryDAO.java
DefaultAccountValueRepository.java
DefaultPremiumRepository.java
EndBean.java
ClaimRegisterBean.java
ClaimRegisterDao.java
BatPubMethods.java
DaysAfterEventDateForDisabledRepository.java
PubMethods.java
TansferFailedProcessBean.java

-----------
T_ACCEPT_MODE : 3
T_ACCIDENT : 51
T_ACCIDENT_CUSTOMER : 5
T_ACCIDENT_STATUS : 6
T_ACCIDENT_TYPE : 6
T_ACCOMMODATE_CAUSE : 2
T_ACCUM_BILL_POLICY : 1
T_ACCUM_BILL_PRODUCT : 1
T_ACCUM_PROD_DISABLE_RATE : 1
T_ACCUTION : 1
T_ACCUTION_LIST : 4
T_ACCUTOR : 1
T_ACCUTOR_BENEFIT : 2
T_ACCUTOR_PARAM : 2
T_ACC_RISK_QUERY_TASK : 4
T_ADMIN_AREA : 2
T_AGENT : 32
T_AMOUNT_CHANGE_RECORD : 1
T_APPLY_FOR_RETURN_INFO : 2
T_APP_INSURED_FIRST : 1
T_ASSIGNEE : 1
T_AUDIT_CONCLUSION : 25
T_AUDIT_SUB_CONCLUSION : 8
T_AUTH_USER : 3
T_AUTH_USER_GROUP : 3
T_BACK : 6
T_BACKGROUND_CALL : 12
T_BANK : 24
T_BANK_ACCOUNT : 21
T_BANK_BACK : 3
T_BANK_TEXT : 3
T_BATCH : 64
T_BATCH_REPORT : 8
T_BATCH_UNIT : 113
T_BENEFICIARY_TYPE : 1
T_BENEFIT_LEVEL : 2
T_BENE_INFO : 3
T_BILLCARD : 4
T_CANCEL_CAUSE : 5
T_CAPITAL_DISTRIBUTE : 6
T_CARD_RIDER : 2
T_CASE : 64
T_CASE_LEVEL : 19
T_CASE_LIMIT : 16
T_CASE_STATUS : 25
T_CASE_TYPE : 2
T_CASH_BANK : 10
T_CERTI_TYPE : 19
T_CHANNEL_TYPE : 4
T_CLAI_CASE : 3
T_COL : 44
T_COMPANY_CUSTOMER : 42
T_COMPANY_ORGAN : 291
T_CONTRACT_LOG : 1
T_CONTRACT_MASTER : 273
T_CONTRACT_MASTER_EXT : 2
T_CONTRACT_PAY_PARAM : 12
T_CONTRACT_PRODUCT : 250
T_CONTRACT_PRODUCT_EXT : 5
T_CONTRACT_PRODUCT_LOG : 7
T_CUSTOMER : 167
T_CUSTOMER　TC　WHERE : 1
T_CUST_DEPOSIT : 16
T_CUST_DEPOSIT_LIST : 2
T_CUST_DEPOSIT_LOG : 1
T_CYRIL_TEST : 1
T_DATA_REFERS : 40
T_DEPT : 9
T_DIAGNOSIS_TYPE : 2
T_DISABILITY_CATEGORY : 1
T_DISABILITY_CRITERION : 1
T_DISABILITY_DIRECTORY : 1
T_DISABILITY_DIRECTORY_DETAIL : 11
T_DISABILITY_ENTRY : 7
T_DISABILITY_ENTRY_LIST : 4
T_DISEASE_SCHEME_AMOUNT : 1
T_DISHONEST_REPRESENT : 1
T_ECIF_CUSTOMER : 65
T_ECIF_CUSTOMER_MAP : 2
T_ECIF_CUST_MAP : 58
T_EMPLOYEE : 290
T_EMPLOYEEL : 2
T_END_AGREEMENT_CATEGORY : 1
T_END_AGREEMENT_REASON : 3
T_END_CAUSE : 6
T_FB_REPORT_CASE : 4
T_FEE : 132
T_FEE_STATUS : 2
T_FEE_TYPE : 1
T_FORMULA : 9
T_FORMULA_DEBUG_RESULT : 1
T_FORMULA_PARAM : 10
T_FUND_TRANS_APPLY : 2
T_GENDER : 3
T_GENERAL_RULE : 3
T_GROUP : 6
T_GROUP_CERTI_TYPE : 1
T_GROUP_CONTRACT_MASTER : 5
T_GROUP_POLICY : 5
T_GROUP_POLICY_PRODUCT : 3
T_GROUP_PRODUCT : 34
T_HEALTH_CODE_MAPPING : 2
T_HEALTH_REPORT_PRODUCT : 1
T_HI_CUSTOMER_RELATION : 1
T_HI_PLAN_DETAIL : 5
T_HOSPITAL : 25
T_HOSPITAL_NET_CHANGE : 1
T_HOSPITAL_TYPE : 4
T_ILLNESS_CODE : 5
T_IMAGE : 23
T_INSPECT : 55
T_INSPECTION_TYPE : 9
T_INSPECT_APPROACH : 2
T_INSPECT_CAUSE : 1
T_INSPECT_COMM_CODE : 12
T_INSPECT_LETTER : 5
T_INSPECT_MASCULINE : 1
T_INSPECT_MEDICAL : 26
T_INSPECT_OPERATION_RECORD : 32
T_INSPECT_ORGAN_CONFIG : 1
T_INSPECT_STATUS : 5
T_INSPECT_SUBTASK : 42
T_INSPECT_SUBTASK_STATUS : 5
T_INSURED_FIRST : 62
T_ISSUEDUNIT : 3
T_JOB_CATEGORY : 2
T_LEVEL : 3
T_MASTER : 26
T_MEDICAL_EXPENSE : 2
T_MEDICAL_FEE : 5
T_MEDICAL_RECEIPT : 16
T_MEDICAL_RECEIPT_TYPE : 1
T_MEDICARD_INST : 1
T_MEDICARD_PAYAPPLY : 2
T_MEDICARD_PAYAPPLY_DETAIL : 1
T_MEDICINE_DETAIL : 6
T_MILD_ILLNESS : 1
T_NETBANK_ACCOUNT : 40
T_NOREGISTER_CAUSE : 12
T_NORMAL_CASH_BANK : 9
T_NORMAL_FEE : 6
T_NO_INSPECTION : 2
T_ORGAN : 3
T_ORGAN_ID : 6
T_PARA_DEF : 7
T_PAYABLE_FEE : 21
T_PAYEE : 1
T_PAY_AGREE : 3
T_PAY_DUE : 8
T_PAY_FEE : 4
T_PAY_FEE_EXT : 2
T_PAY_MODE : 8
T_PAY_MODE_REASON : 1
T_PAY_MODE_SWITCH : 27
T_PAY_PLAN : 2
T_PAY_REJECT : 17
T_PERSONAL_BANK : 1
T_PKG_JOB_CATE : 2
T_POLICY : 3
T_POLICY_ADVANCE : 1
T_POLICY_BANK_ACCOUNT : 1
T_POLICY_CHANGE : 36
T_POLICY_FEE : 127
T_POLICY_MORTA : 1
T_POLICY_PREM : 4
T_POLICY_PROBLEM : 6
T_POLICY_PRODUCT : 1
T_POLICY_PROD_PKG : 1
T_PRECISION_DATA_TMP : 4
T_PREMIUMS_PAY_SHOW : 1
T_PREM_CHANGE : 1
T_PRINTFILE_STORE_CONFIG : 2
T_PROBLEM_CATEGORY : 1
T_PROB_BUSI_CATE : 1
T_PRODUCT_CHANNEL : 2
T_PRODUCT_CONFIGURE : 1
T_PRODUCT_DECISION : 3
T_PRODUCT_DISABILITY_CONFIG : 1
T_PRODUCT_DISABLE_RATE : 1
T_PRODUCT_FEE : 4
T_PRODUCT_LIFE : 118
T_PRODUCT_LIFE_EXT : 10
T_PRODUCT_PREM_CHANGE : 1
T_PROD_PKG_PROD_LIST : 2
T_RECTIFY : 6
T_REIMBURSE_DEDUCT : 12
T_REIMBURSE_DEDUCT_CAUSE : 9
T_REIMBURSE_DEDUCT_DETAIL : 14
T_REIMBURSE_DISTRIBUTE : 7
T_REIMBURSE_FEE : 52
T_REIMBURSE_FEE_TYPE : 9
T_REJECT_CATEGORY : 1
T_RELATIVE_DEBUG_RESULT : 1
T_REPORT_CASE : 98
T_REPORT_CASE_FB : 2
T_REPORT_EXTRA_INFO : 1
T_SERVICE : 2
T_SERVICE_ORG_CFG : 1
T_SUBTASK_FILE : 9
T_SUBTASK_INSPECT_APPROACH : 9
T_SUBTASK_OPERATION_RECORD : 17
T_SUB_DIS_REPRESENT : 2
T_SURGERY_CODE : 3
T_TEMP : 4
T_TPA : 8
T_TPA_POLICY_CFG : 3
T_TRANSFER_UNSUCCESS : 3
T_UNIT_MERGE_LIST : 1
T_UNSUCCESS : 5
T_UPLOAD_PARSE_ERROR : 1
T_USER : 42
T_USER_GROUP : 7
T_UW_POLICY : 8
T_UW_PRODUCT : 8
T_UW_REJECT_CAUSE : 1
T_VETO : 6
T_WITHDRAW_BILL : 59
T_WITHDRAW_BILL_EXT : 1
T_WITHDRAW_TYPE : 3

-----------
../../cbs/cbs/src/main/java/com/ebao/life/claim/simple/simplecase/SimpleCaseDAOImpl.java
../../cbs/cbs/src/main/java/com/ebao/life/claim/std/common/mail/ClaimSendMailDao.java
../../cbs/cbs/src/main/java/com/ebao/life/claim/std/inspectionnew/InspectionCommon.java
../../cbs/cbs/src/main/java/com/ebao/life/claim/std/register/ClaimRegisterBean.java
../../cbs/cbs/src/main/java/com/ebao/life/claim/bat/inspect/InspectDAOImpl.java
../../cbs/cbs/src/main/java/com/ebao/life/claim/std/audit/reimburse/dao/reimbursedeductcause/ReimburseDeductCauseDAOOracleImp.java
../../cbs/cbs/src/main/java/com/ebao/life/claim/std/common/PubMethods.java
../../cbs/cbs/src/main/java/com/ebao/life/claim/simple/claimquery/SimpleCaseQueryDAO.java
../../cbs/cbs/src/main/java/com/ebao/life/claim/bat/end/EndBean.java
../../cbs/cbs/src/main/java/com/ebao/life/claim/common/groupspecial/uploadcheck/UploadCheckDAO.java
../../cbs/cbs/src/main/java/com/ebao/life/claim/common/mistyquery/uwrejectcause/UwRejectCauseQueryData.java
../../cbs/cbs/src/main/java/com/ebao/life/claim/common/query/ClaimQuerySqlBuilder.java
../../cbs/cbs/src/main/java/com/ebao/life/claim/formula/repository/impl/DefaultCapitalDistributeRepository.java
../../cbs/cbs/src/main/java/com/ebao/life/claim/infrastructure/persistence/DBReturnInfoRepository.java
../../cbs/cbs/src/main/java/com/ebao/life/claim/std/audit/criterion/detailquery/DetailQueryDao.java
../../cbs/cbs/src/main/java/com/ebao/life/claim/bat/audit/AuditDAOImpl.java
../../cbs/cbs/src/main/java/com/ebao/life/claim/std/audit/reimburse/dao/reimbursededuct/ReimburseDeductDAOOracleImp.java
../../cbs/cbs/src/main/java/com/ebao/life/claim/bat/common/ClaimPageCommon.java
../../cbs/cbs/src/main/java/com/ebao/life/claim/bat/common/claimlevel/ClaimLevelDAO.java
../../cbs/cbs/src/main/java/com/ebao/life/claim/bat/ask/AskBackListBean.java
../../cbs/cbs/src/main/java/com/ebao/life/claim/common/XMLBean.java
../../cbs/cbs/src/main/java/com/ebao/life/claim/formula/repository/impl/DefaultFormulaRepository.java
../../cbs/cbs/src/main/java/com/ebao/life/claim/simple/simplecase/SimpleCaseDisposal.java
../../cbs/cbs/src/main/java/com/ebao/life/claim/std/inspectionnew/inspectiondeal/InspectionDealDao.java
../../cbs/cbs/src/main/java/com/ebao/life/claim/claimentry/ClaimBackEntryDAO.java
../../cbs/cbs/src/main/java/com/ebao/life/claim/bat/register/RegisterMainBean.java
../../cbs/cbs/src/main/java/com/ebao/life/claim/common/mistyquery/hospital/PsHospitalQueryData.java
../../cbs/cbs/src/main/java/com/ebao/life/claim/common/mistyquery/surgery/SurgeryQueryData.java
../../cbs/cbs/src/main/java/com/ebao/life/claim/std/common/InspectCodeDefineBean.java
../../cbs/cbs/src/main/java/com/ebao/life/claim/std/medicaldivisionsingle/MedicalDivisionSingleDAO.java
../../cbs/cbs/src/main/java/com/ebao/life/claim/std/register/ClaimRegisterServlet.java
../../cbs/cbs/src/main/java/com/ebao/life/claim/bat/endprint/EndPrintDisposal.java
../../cbs/cbs/src/main/java/com/ebao/life/claim/common/mistyquery/accident/MdAccidentQueryData.java
../../cbs/cbs/src/main/java/com/ebao/life/claim/std/end/EndBean.java
../../cbs/cbs/src/main/java/com/ebao/life/claim/std/query/endedcase/EndedCaseDAO.java
../../cbs/cbs/src/main/java/com/ebao/life/claim/std/subscribe/ClaimStatusBean.java
../../cbs/cbs/src/main/java/com/ebao/life/claim/bat/subscribe/SubscribePoolBean.java
../../cbs/cbs/src/main/java/com/ebao/life/claim/std/advancepay/AdvancePayEventType.java
../../cbs/cbs/src/main/java/com/ebao/life/claim/std/hi/dataupload/DataUploadDAO.java
../../cbs/cbs/src/main/java/com/ebao/life/claim/bat/end/BatchPrintDAO.java
../../cbs/cbs/src/main/java/com/ebao/life/claim/bat/special/PaymentChangeDAO.java
../../cbs/cbs/src/main/java/com/ebao/life/claim/std/audit/reimburse/dao/reimbursefeetype/ReimburseFeeTypeDAOOracleImp.java
../../cbs/cbs/src/main/java/com/ebao/life/claim/std/audit/relatedDisease/RelatedDiseaseDAO.java
../../cbs/cbs/src/main/java/com/ebao/life/claim/std/common/RepositoryServlet.java
../../cbs/cbs/src/main/java/com/ebao/life/claim/std/inspect/InspectBackBean.java
../../cbs/cbs/src/main/java/com/ebao/life/claim/application/usecase/std/QueryReportCaseDAO.java
../../cbs/cbs/src/main/java/com/ebao/life/claim/bat/common/BatPubMethods.java
../../cbs/cbs/src/main/java/com/ebao/life/claim/common/mistyquery/inspectiontype/InspectionTypeQueryData.java
../../cbs/cbs/src/main/java/com/ebao/life/claim/formula/repository/impl/DefaultClaimCaseRepository.java
../../cbs/cbs/src/main/java/com/ebao/life/claim/infrastructure/service/CompanyOrganServiceImpl.java
../../cbs/cbs/src/main/java/com/ebao/life/claim/std/audit/criterion/CriterionDAO.java
../../cbs/cbs/src/main/java/com/ebao/life/claim/std/inspection/InspectionDAO.java
../../cbs/cbs/src/main/java/com/ebao/life/claim/bat/claimrectify/SpecialDAO.java
../../cbs/cbs/src/main/java/com/ebao/life/claim/bat/payment/batchpaystyle/BatchPayStyleDAO.java
../../cbs/cbs/src/main/java/com/ebao/life/claim/bat/special/PaymentChangeDisposal.java
../../cbs/cbs/src/main/java/com/ebao/life/claim/common/groupspecial/paylimitset/PayLimitSetDAO.java
../../cbs/cbs/src/main/java/com/ebao/life/claim/std/ask/AskBackListBean.java
../../cbs/cbs/src/main/java/com/ebao/life/claim/std/claimrectify/ClaimRectifyDAO.java
../../cbs/cbs/src/main/java/com/ebao/life/claim/std/inspect/InspectPrintBean.java
../../cbs/cbs/src/main/java/com/ebao/life/claim/std/inspectionnew/inspectionletter/InspectionLetterDAO.java
../../cbs/cbs/src/main/java/com/ebao/life/claim/bat/audit/AuditPoolBean.java
../../cbs/cbs/src/main/java/com/ebao/life/claim/relativity/specification/impl/StartPayAnnuitySpec.java
../../cbs/cbs/src/main/java/com/ebao/life/claim/std/common/ClaimSendMailConfigBean.java
../../cbs/cbs/src/main/java/com/ebao/life/claim/std/common/RejectCodeDefineBean.java
../../cbs/cbs/src/main/java/com/ebao/life/claim/std/register/CaseRegisterSearchBean.java
../../cbs/cbs/src/main/java/com/ebao/life/claim/bat/special/SpecialDAO.java
../../cbs/cbs/src/main/java/com/ebao/life/claim/bat/audit/AuditPoolDao.java
../../cbs/cbs/src/main/java/com/ebao/life/claim/std/audit/AuditUniversalDisposal.java
../../cbs/cbs/src/main/java/com/ebao/life/claim/std/audit/reimburse/dao/reimbursedistribute/ReimburseDistributeDAOOracleImp.java
../../cbs/cbs/src/main/java/com/ebao/life/claim/std/common/claimlevel/ClaimLevelDAO.java
../../cbs/cbs/src/main/java/com/ebao/life/claim/std/common/contractinfo/XmlContractInfoServlet.java
../../cbs/cbs/src/main/java/com/ebao/life/claim/std/register/CaseInsuredBean.java
../../cbs/cbs/src/main/java/com/ebao/life/claim/std/subscribe/SubscribeBean.java
../../cbs/cbs/src/main/java/com/ebao/life/claim/bat/BatMixDAO.java
../../cbs/cbs/src/main/java/com/ebao/life/claim/std/common/ClaimLevelDefineBean.java
../../cbs/cbs/src/main/java/com/ebao/life/claim/common/mistyquery/accident/AccidentQueryData.java
../../cbs/cbs/src/main/java/com/ebao/life/claim/formula/repository/impl/DefaultPremiumRepository.java
../../cbs/cbs/src/main/java/com/ebao/life/claim/std/audit/AuditSQLCst.java
../../cbs/cbs/src/main/java/com/ebao/life/claim/std/audit/EvaluationDAO.java
../../cbs/cbs/src/main/java/com/ebao/life/claim/std/audit/reimburse/dao/reimbursefee/ReimburseFeeDAOOracleImp.java
../../cbs/cbs/src/main/java/com/ebao/life/claim/std/common/ClaimLimitCheckBean.java
../../cbs/cbs/src/main/java/com/ebao/life/claim/std/common/HospitalCodeDefineBean.java
../../cbs/cbs/src/main/java/com/ebao/life/claim/common/TreeData.java
../../cbs/cbs/src/main/java/com/ebao/life/claim/std/printSurvey/PrintSurveyDisposal.java
../../cbs/cbs/src/main/java/com/ebao/life/claim/std/printSurvey/PrintSurveyBean.java
../../cbs/cbs/src/main/java/com/ebao/life/claim/bat/end/PdfPrintBean.java
../../cbs/cbs/src/main/java/com/ebao/life/claim/common/tempunlock/TempUnlockDisposal.java
../../cbs/cbs/src/main/java/com/ebao/life/claim/simple/simplecase/SimpleCaseBean.java
../../cbs/cbs/src/main/java/com/ebao/life/claim/std/end/EndDAO.java
../../cbs/cbs/src/main/java/com/ebao/life/claim/bat/audit/AuditUploadDataBean.java
../../cbs/cbs/src/main/java/com/ebao/life/claim/bat/register/RegisterServlet.java
../../cbs/cbs/src/main/java/com/ebao/life/claim/std/hi/datamigrate/ClaimDataMigrDAO.java
../../cbs/cbs/src/main/java/com/ebao/life/claim/std/special/SpecialDAO.java
../../cbs/cbs/src/main/java/com/ebao/life/claim/application/usecase/std/QueryClaimCaseDAO.java
../../cbs/cbs/src/main/java/com/ebao/life/claim/bat/subscribe/ClaimStatusBean.java
../../cbs/cbs/src/main/java/com/ebao/life/claim/common/mistyquery/accident/AccidentIdQueryData.java
../../cbs/cbs/src/main/java/com/ebao/life/claim/infrastructure/service/HospitalServiceImpl.java
../../cbs/cbs/src/main/java/com/ebao/life/claim/std/common/ecifclaim/EcifClaimCommonDao.java
../../cbs/cbs/src/main/java/com/ebao/life/claim/std/register/ClaimRegisterDao.java
../../cbs/cbs/src/main/java/com/ebao/life/claim/bat/special/SpecialBean.java
../../cbs/cbs/src/main/java/com/ebao/life/claim/common/mistyquery/accident/DisDiaQueryData.java
../../cbs/cbs/src/main/java/com/ebao/life/claim/std/report/ReportCaseDAO.java
../../cbs/cbs/src/main/java/com/ebao/life/claim/bat/outsourcing/OutsourcingManagerDAO.java
../../cbs/cbs/src/main/java/com/ebao/life/claim/common/mistyquery/problemcategory/ProblemCategoryQueryData.java
../../cbs/cbs/src/main/java/com/ebao/life/claim/relativity/repository/impl/DaysAfterAddAmountDateRepository.java
../../cbs/cbs/src/main/java/com/ebao/life/claim/std/advancepay/AdvancePayDAO.java
../../cbs/cbs/src/main/java/com/ebao/life/claim/std/common/AccidentDB.java
../../cbs/cbs/src/main/java/com/ebao/life/claim/bat/register/RegisterUnitBean.java
../../cbs/cbs/src/main/java/com/ebao/life/claim/bat/end/BatchPrintBean.java
../../cbs/cbs/src/main/java/com/ebao/life/claim/bat/fcancellist/ForceCancelListDAO.java
../../cbs/cbs/src/main/java/com/ebao/life/claim/std/common/employeelevel/EmployeeLevelConfigDAO.java
../../cbs/cbs/src/main/java/com/ebao/life/claim/std/payment/PaymentDAO.java
../../cbs/cbs/src/main/java/com/ebao/life/claim/std/special/SpecialBean.java
../../cbs/cbs/src/main/java/com/ebao/life/claim/std/subscribe/SubscribeDAO.java
../../cbs/cbs/src/main/java/com/ebao/life/claim/bat/detail/DetailDAO.java
../../cbs/cbs/src/main/java/com/ebao/life/claim/bat/subscribe/SubscribeBean.java
../../cbs/cbs/src/main/java/com/ebao/life/claim/common/CaseTypeCheck.java
../../cbs/cbs/src/main/java/com/ebao/life/claim/std/audit/reimburse/ReimburseFeeDisposal.java
../../cbs/cbs/src/main/java/com/ebao/life/claim/std/register/QueryClaimStatusRequest.java
../../cbs/cbs/src/main/java/com/ebao/life/claim/bat/payment/transfercheck/TransferCheckDAO.java
../../cbs/cbs/src/main/java/com/ebao/life/claim/bat/subscribe/OracleSubscribeDAO.java
../../cbs/cbs/src/main/java/com/ebao/life/claim/common/paychangequery/ClaimQueryModelInterfaceImpl.java
../../cbs/cbs/src/main/java/com/ebao/life/claim/std/inspect/InspectInsertBean.java
../../cbs/cbs/src/main/java/com/ebao/life/claim/bat/audit/AuditBean.java
../../cbs/cbs/src/main/java/com/ebao/life/claim/common/ClaimHistoryDAO.java
../../cbs/cbs/src/main/java/com/ebao/life/claim/relativity/specification/impl/StartPayInstSpec.java
../../cbs/cbs/src/main/java/com/ebao/life/claim/std/common/organlevel/OrganLevelConfigDAO.java
../../cbs/cbs/src/main/java/com/ebao/life/claim/std/fcancellist/ForceCancelListDAO.java
../../cbs/cbs/src/main/java/com/ebao/life/claim/std/inspect/InspectBackListBean.java
../../cbs/cbs/src/main/java/com/ebao/life/claim/std/transferquery/TransferQueryDAO.java
../../cbs/cbs/src/main/java/com/ebao/life/claim/common/AccidentStatusBean.java
../../cbs/cbs/src/main/java/com/ebao/life/claim/std/grpclaimrpt/GrpClaimRptDAO.java
../../cbs/cbs/src/main/java/com/ebao/life/claim/std/inspectionnew/inspectionmedical/InspectionMedicalCommon.java
../../cbs/cbs/src/main/java/com/ebao/life/claim/std/receipt/MedicalReceiptDAO.java
../../cbs/cbs/src/main/java/com/ebao/life/claim/std/common/organchiefclaim/OrganChiefClaimConfigDAO.java
../../cbs/cbs/src/main/java/com/ebao/life/claim/common/EmpCodeName.java
../../cbs/cbs/src/main/java/com/ebao/life/claim/std/audit/ViewHistoryBean.java
../../cbs/cbs/src/main/java/com/ebao/life/claim/std/changepayment/ChangePaymentDAO.java
../../cbs/cbs/src/main/java/com/ebao/life/claim/std/inspectionnew/InspectionBean.java
../../cbs/cbs/src/main/java/com/ebao/life/claim/std/inspectionnew/InspectionDAO.java
../../cbs/cbs/src/main/java/com/ebao/life/claim/std/inspectionnew/InspectionDisposal.java
../../cbs/cbs/src/main/java/com/ebao/life/claim/std/medicalcard/PayApplicationDAO.java
../../cbs/cbs/src/main/java/com/ebao/life/claim/bat/common/ClaimLimitCheckBean.java
../../cbs/cbs/src/main/java/com/ebao/life/claim/common/mistyquery/job/JobCategoryQueryData.java
../../cbs/cbs/src/main/java/com/ebao/life/claim/relativity/repository/impl/ElimitationPeriod4CoutiApplyRepository.java
../../cbs/cbs/src/main/java/com/ebao/life/claim/common/mistyquery/hospital/HospitalQueryData.java
../../cbs/cbs/src/main/java/com/ebao/life/claim/infrastructure/persistence/DBClaimerRepository.java
../../cbs/cbs/src/main/java/com/ebao/life/claim/relativity/repository/impl/PermStatusRepository.java
../../cbs/cbs/src/main/java/com/ebao/life/claim/std/audit/AuditBean.java
../../cbs/cbs/src/main/java/com/ebao/life/claim/formula/repository/impl/DefaultReimburseFeeRepository.java
../../cbs/cbs/src/main/java/com/ebao/life/claim/std/ask/AskInputBean.java
../../cbs/cbs/src/main/java/com/ebao/life/claim/bat/common/ClaimLevelDefineBean.java
../../cbs/cbs/src/main/java/com/ebao/life/claim/common/mistyquery/issuedunit/IssueDunitQueryData.java
../../cbs/cbs/src/main/java/com/ebao/life/claim/common/mistyquery/shBank/ShBankQueryData.java
../../cbs/cbs/src/main/java/com/ebao/life/claim/relativity/repository/impl/DefaultRelativityRepository.java
../../cbs/cbs/src/main/java/com/ebao/life/claim/std/SqlFilter.java
../../cbs/cbs/src/main/java/com/ebao/life/claim/std/audit/reimburse/ReimburseFeeDAO.java
../../cbs/cbs/src/main/java/com/ebao/life/claim/std/forcewithdraw/ForceWithdrawDAO.java
../../cbs/cbs/src/main/java/com/ebao/life/claim/std/printwarrant/PrintWarrantDAO.java
../../cbs/cbs/src/main/java/com/ebao/life/claim/bat/ask/AskInputBean.java
../../cbs/cbs/src/main/java/com/ebao/life/claim/std/audit/AuditDAO.java
../../cbs/cbs/src/main/java/com/ebao/life/claim/std/chginstalbene/ChgInstalBeneDAO.java
../../cbs/cbs/src/main/java/com/ebao/life/claim/std/printSurvey/PrintSurveyDAO.java
../../cbs/cbs/src/main/java/com/ebao/life/claim/bat/common/ybtclaimlevel/ClaimLevelDao.java
../../cbs/cbs/src/main/java/com/ebao/life/claim/formula/repository/impl/DefaultPrecisionDateRepository.java
../../cbs/cbs/src/main/java/com/ebao/life/claim/std/accrisk/AccRiskClaimQueryUtils.java
../../cbs/cbs/src/main/java/com/ebao/life/claim/std/audit/illness/IllnessDAO.java
../../cbs/cbs/src/main/java/com/ebao/life/claim/std/inspectionnew/inspectionlaunch/InspectionLaunchDAO.java
../../cbs/cbs/src/main/java/com/ebao/life/claim/formula/repository/impl/DefaultClaimPayRepository.java
